<?xml version="1.0" encoding="UTF-8"?>
<testng-results ignored="0" total="2" passed="2" failed="0" skipped="0">
  <reporter-output>
  </reporter-output>
  <suite started-at="2022-05-04T22:16:42 IST" name="Default suite" finished-at="2022-05-04T22:16:48 IST" duration-ms="5972">
    <groups>
    </groups>
    <test started-at="2022-05-04T22:16:42 IST" name="Default test" finished-at="2022-05-04T22:16:48 IST" duration-ms="5972">
      <class name="com.rest.testing.StudentApiAutomation">
        <test-method is-config="true" signature="setReastAssuredConfigParams()[pri:0, instance:com.rest.testing.StudentApiAutomation@1cbb87f3]" started-at="2022-05-04T22:16:42 IST" name="setReastAssuredConfigParams" finished-at="2022-05-04T22:16:43 IST" duration-ms="1000" status="PASS">
          <reporter-output>
          </reporter-output>
        </test-method> <!-- setReastAssuredConfigParams -->
        <test-method is-config="true" signature="setRestAssuredRequestSpec()[pri:0, instance:com.rest.testing.StudentApiAutomation@1cbb87f3]" started-at="2022-05-04T22:16:43 IST" name="setRestAssuredRequestSpec" finished-at="2022-05-04T22:16:44 IST" duration-ms="296" status="PASS">
          <reporter-output>
          </reporter-output>
        </test-method> <!-- setRestAssuredRequestSpec -->
        <test-method signature="createStudentDetailsTest()[pri:0, instance:com.rest.testing.StudentApiAutomation@1cbb87f3]" started-at="2022-05-04T22:16:44 IST" name="createStudentDetailsTest" finished-at="2022-05-04T22:16:48 IST" duration-ms="4509" status="PASS">
          <reporter-output>
          </reporter-output>
        </test-method> <!-- createStudentDetailsTest -->
        <test-method is-config="true" signature="setRestAssuredRequestSpec()[pri:0, instance:com.rest.testing.StudentApiAutomation@1cbb87f3]" started-at="2022-05-04T22:16:48 IST" name="setRestAssuredRequestSpec" finished-at="2022-05-04T22:16:48 IST" duration-ms="2" status="PASS">
          <reporter-output>
          </reporter-output>
        </test-method> <!-- setRestAssuredRequestSpec -->
        <test-method signature="validateErrorIfEmailExists()[pri:0, instance:com.rest.testing.StudentApiAutomation@1cbb87f3]" started-at="2022-05-04T22:16:48 IST" name="validateErrorIfEmailExists" finished-at="2022-05-04T22:16:48 IST" duration-ms="102" status="PASS">
          <reporter-output>
          </reporter-output>
        </test-method> <!-- validateErrorIfEmailExists -->
      </class> <!-- com.rest.testing.StudentApiAutomation -->
    </test> <!-- Default test -->
  </suite> <!-- Default suite -->
</testng-results>
